IQ-TREE multicore version 2.1.2 COVID-edition for Mac OS X 64-bit built Mar 30 2021
Developed by Bui Quang Minh, James Barbetti, Nguyen Lam Tung,
Olga Chernomor, Heiko Schmidt, Dominik Schrempf, Michael Woodhams.

Host:    ITs-MacBook-Pro (AVX2, FMA3, 16 GB RAM)
Command: iqtree -s seqdump.aligned.fa -B 1000
Seed:    415321 (Using SPRNG - Scalable Parallel Random Number Generator)
Time:    Mon May  3 16:54:50 2021
Kernel:  AVX+FMA - 1 threads (4 CPU cores detected)

HINT: Use -nt option to specify number of threads because your CPU has 4 cores!
HINT: -nt AUTO will automatically determine the best number of threads to use.

Reading alignment file seqdump.aligned.fa ... Fasta format detected
Alignment most likely contains DNA/RNA sequences
Alignment has 100 sequences with 10350 columns, 4133 distinct patterns
2930 parsimony-informative, 3314 singleton sites, 4106 constant sites
                Gap/Ambiguity  Composition  p-value
   1  XM_020188399.1   61.14%    failed      0.09%
   2  XM_027946275.1   52.40%    passed     14.70%
   3  XM_015504788.1   57.26%    passed     54.22%
   4  XM_026402237.1   51.15%    passed     39.71%
   5  XM_005328185.4   58.84%    passed     34.42%
   6  XM_037809269.1   52.34%    passed      8.66%
   7  NM_001082395.1   53.59%    passed     19.34%
   8  XM_016128346.2   60.08%    passed     51.85%
   9  XM_033089194.1   55.49%    passed     74.52%
  10  XM_019637756.1   58.17%    passed     16.71%
  11  XM_019466603.1   57.42%    passed     29.41%
  12  XM_040452045.1   59.06%    passed     14.62%
  13  XM_030295683.1   59.00%    passed     21.95%
  14  XM_023244575.1   58.85%    passed     21.29%
  15  XM_034641091.1   15.58%    failed      0.00%
  16  XM_026512511.1   58.93%    passed     98.64%
  17  XM_040640422.1   59.11%    passed     95.84%
  18  XM_004405886.1   58.86%    passed     99.23%
  19  XM_025890310.1   59.22%    passed     97.55%
  20  XM_025890220.1   59.22%    passed     97.78%
  21  XM_028087514.1   61.97%    passed     40.50%
  22  XM_027624758.1   59.15%    passed     97.47%
  23  XM_032429535.1   58.86%    passed     99.10%
  24  XM_036116202.1   59.14%    passed     97.17%
  25  XM_006741083.2   58.87%    passed     99.06%
  26  XM_021678396.1   59.17%    passed     93.38%
  27  XM_035026318.1   59.04%    passed     97.73%
  28  XM_001495589.6   44.26%    passed     22.79%
  29  XM_014789149.1   60.90%    passed     18.47%
  30  XM_032457133.1   59.35%    passed     59.30%
  31  XM_031468852.1   58.81%    passed     77.68%
  32  XM_036835860.1   30.57%    passed      5.79%
  33  XM_036835862.1   53.97%    failed      0.69%
  34  XM_036835863.1   59.29%    passed     75.72%
  35  XM_036835861.1   55.43%    passed      6.12%
  36  XM_027081249.1   57.73%    passed     10.54%
  37  XM_033847598.1   50.30%    failed      1.42%
  38  XM_030843292.1   56.58%    passed     12.49%
  39  XM_004275657.2   58.53%    passed      5.27%
  40  XM_032616266.1   59.67%    passed     24.08%
  41  XM_022589108.2   60.70%    passed     39.65%
  42  XM_029213041.1   53.48%    failed      3.68%
  43  XM_029213040.1   52.23%    failed      3.39%
  44  XM_020898914.1   59.95%    passed     10.48%
  45  XM_027974354.1   61.49%    passed     16.17%
  46  XM_019982288.1   58.84%    failed      2.57%
  47  NM_001206668.1   59.96%    passed      7.61%
  48  XM_027518286.1   59.77%    passed      8.98%
  49  XM_035300402.1   26.31%    failed      0.00%
  50  XM_012444128.1   52.14%    passed     89.45%
  51  XM_039476332.1   58.58%    passed     94.73%
  52  XM_017549217.1   59.47%    passed     85.54%
  53  XM_032266073.1   59.47%    passed     87.88%
  54  XM_011947932.1   68.61%    passed     88.15%
  55  XM_023194014.2   68.99%    passed     71.09%
  56  XM_033184050.1   66.41%    passed     78.85%
  57  XM_017882914.1   66.32%    passed     81.53%
  58  XM_030923944.1   68.99%    passed     64.21%
  59  XM_011947931.1   52.05%    passed     63.10%
  60  XM_023194013.2   52.23%    passed     84.18%
  61  XM_033184049.1   51.44%    passed     92.93%
  62  XM_010380067.2   48.77%    passed     26.93%
  63  XM_017882913.1   55.08%    passed     60.29%
  64  XM_011997125.1   69.50%    passed     68.94%
  65  XM_011743599.1   51.83%    passed     71.18%
  66  XM_028836645.1   51.80%    passed     66.46%
  67  XM_012070559.1   65.92%    passed     94.27%
  68  XM_025362944.1   68.57%    passed     87.60%
  69  XM_011743600.2   66.04%    passed     83.28%
  70  XM_015120080.2   66.36%    passed     81.96%
  71  XM_008012166.2   65.80%    passed     83.19%
  72  XM_011743598.1   51.88%    passed     91.11%
  73  XM_015120079.2   52.03%    passed     91.13%
  74  XM_005584634.2   51.51%    passed     98.52%
  75  XM_008012165.2   48.29%    passed     23.44%
  76  XM_037993934.1   62.31%    passed     66.69%
  77  XM_012070558.1   51.83%    passed     95.48%
  78  XM_025362943.1   51.72%    passed     87.41%
  79  XM_003913262.4   59.35%    passed     66.10%
  80  XM_024235383.1   51.44%    passed     96.99%
  81  XM_030800110.1   51.81%    passed     54.84%
  82  XM_032138541.1   50.96%    passed     44.73%
  83  XM_004041150.3   52.23%    passed     92.63%
  84  XM_034942682.1   55.14%    failed      1.75%
  85  XM_034942684.1   63.27%    passed     92.80%
  86  NM_001008995.3   52.23%    passed     92.69%
  87  XM_016930489.1   53.28%    passed     91.25%
  88  NM_001382700.1   55.27%    passed     70.02%
  89  J04144.1         61.16%    passed     52.86%
  90  NM_001382701.1   54.36%    passed     87.96%
  91  JQ927553.1       50.53%    passed     44.62%
  92  NM_000789.4      52.06%    passed     83.98%
  93  AB208971.1       63.85%    passed     56.27%
  94  XM_004041149.3   67.96%    passed     81.57%
  95  NM_152830.3      68.81%    passed     68.18%
  96  NR_168483.1      68.06%    passed     66.75%
  97  XM_016930491.1   68.54%    passed     84.81%
  98  XM_003786211.2   59.70%    passed     18.27%
  99  XM_012662815.1   54.53%    failed      1.79%
 100  XM_020280877.1   59.40%    passed     19.31%
WARNING: 94 sequences contain more than 50% gaps/ambiguity
****  TOTAL            56.98%  10 sequences failed composition chi2 test (p-value<5%; df=3)


Create initial parsimony tree by phylogenetic likelihood library (PLL)... 0.070 seconds
Perform fast likelihood tree search using GTR+I+G model...
Estimate model parameters (epsilon = 5.000)
Perform nearest neighbor interchange...
Estimate model parameters (epsilon = 1.000)
1. Initial log-likelihood: -75222.406
2. Current log-likelihood: -75219.580
3. Current log-likelihood: -75217.547
4. Current log-likelihood: -75216.126
5. Current log-likelihood: -75215.044
Optimal log-likelihood: -75214.181
Rate parameters:  A-C: 1.05714  A-G: 3.36301  A-T: 1.20692  C-G: 1.05847  C-T: 3.92918  G-T: 1.00000
Base frequencies:  A: 0.213  C: 0.315  G: 0.284  T: 0.189
Proportion of invariable sites: 0.130
Gamma shape alpha: 0.836
Parameters optimization took 5 rounds (2.311 sec)
Time for fast ML tree search: 6.748 seconds

NOTE: ModelFinder requires 150 MB RAM!
ModelFinder will test up to 286 DNA models (sample size: 10350) ...
 No. Model         -LnL         df  AIC          AICc         BIC
  1  GTR+F         78830.366    205 158070.732   158079.059   159555.905
  2  GTR+F+I       76494.185    206 153400.369   153408.777   154892.786
  3  GTR+F+G4      75220.090    206 150852.181   150860.589   152344.597
  4  GTR+F+I+G4    75209.749    207 150833.499   150841.989   152333.160
  5  GTR+F+R2      75628.164    207 151670.328   151678.819   153169.990
  6  GTR+F+R3      75254.584    209 150927.168   150935.824   152441.319
  7  GTR+F+R4      75099.910    211 150621.821   150630.645   152150.461
  8  GTR+F+R5      75067.475    213 150560.950   150569.944   152104.080
  9  GTR+F+R6      75040.894    215 150511.788   150520.954   152069.408
 10  GTR+F+R7      75021.245    217 150476.490   150485.828   152048.599
 11  GTR+F+R8      75007.354    219 150452.708   150462.220   152039.306
 12  GTR+F+R9      74995.536    221 150433.072   150442.761   152034.160
 13  GTR+F+R10     74986.149    223 150418.299   150428.165   152033.876
 24  SYM+R8        75193.003    216 150818.006   150827.257   152382.870
 25  SYM+R9        75188.833    218 150813.666   150823.091   152393.020
 37  TVM+F+R8      74982.742    218 150401.485   150410.910   151980.839
 38  TVM+F+R9      74946.755    220 150333.510   150343.110   151927.353
WARNING: Log-likelihood -74948.5 of TVM+F+R10 worse than TVM+F+R9 -74946.8
 39  TVM+F+R10     74948.527    222 150341.053   150350.830   151949.386
 50  TVMe+R8       75200.400    215 150830.800   150839.966   152388.420
 51  TVMe+R9       75169.833    217 150773.665   150783.003   152345.774
 52  TVMe+R10      75167.219    219 150772.439   150781.951   152359.037
 63  TIM3+F+R8     74976.559    217 150387.118   150396.456   151959.227
 64  TIM3+F+R9     74940.758    219 150319.517   150329.029   151906.115
WARNING: Log-likelihood -74945.2 of TIM3+F+R10 worse than TIM3+F+R9 -74940.8
 65  TIM3+F+R10    74945.198    221 150332.396   150342.084   151933.484
 76  TIM3e+R8      75217.399    214 150862.798   150871.878   152413.173
 77  TIM3e+R9      75187.091    216 150806.182   150815.434   152371.047
 78  TIM3e+R10     75184.335    218 150804.670   150814.095   152384.024
 89  TIM2+F+R8     74975.665    217 150385.329   150394.667   151957.438
 90  TIM2+F+R9     74939.575    219 150317.150   150326.662   151903.749
WARNING: Log-likelihood -74943.9 of TIM2+F+R10 worse than TIM2+F+R9 -74939.6
 91  TIM2+F+R10    74943.857    221 150329.715   150339.403   151930.803
102  TIM2e+R8      75273.101    214 150974.201   150983.281   152524.576
103  TIM2e+R9      75241.325    216 150914.650   150923.902   152479.515
WARNING: Log-likelihood -75245.1 of TIM2e+R10 worse than TIM2e+R9 -75241.3
104  TIM2e+R10     75245.056    218 150926.113   150935.537   152505.466
115  TIM+F+R8      74975.335    217 150384.671   150394.009   151956.780
116  TIM+F+R9      74939.316    219 150316.632   150326.145   151903.231
WARNING: Log-likelihood -74943.9 of TIM+F+R10 worse than TIM+F+R9 -74939.3
117  TIM+F+R10     74943.906    221 150329.812   150339.500   151930.900
128  TIMe+R8       75271.015    214 150970.030   150979.110   152520.405
129  TIMe+R9       75238.548    216 150909.096   150918.347   152473.960
WARNING: Log-likelihood -75241.5 of TIMe+R10 worse than TIMe+R9 -75238.5
130  TIMe+R10      75241.524    218 150919.047   150928.472   152498.401
141  TPM3u+F+R8    74986.038    216 150404.076   150413.327   151968.940
142  TPM3u+F+R9    74949.926    218 150335.851   150345.276   151915.205
WARNING: Log-likelihood -74952.3 of TPM3u+F+R10 worse than TPM3u+F+R9 -74949.9
143  TPM3u+F+R10   74952.280    220 150344.560   150354.160   151938.403
154  TPM3+F+R8     74986.038    216 150404.076   150413.327   151968.940
155  TPM3+F+R9     74949.926    218 150335.851   150345.276   151915.205
WARNING: Log-likelihood -74952.3 of TPM3+F+R10 worse than TPM3+F+R9 -74949.9
156  TPM3+F+R10    74952.280    220 150344.560   150354.160   151938.403
167  TPM2u+F+R8    74985.145    216 150402.289   150411.540   151967.153
168  TPM2u+F+R9    74948.818    218 150333.636   150343.061   151912.990
WARNING: Log-likelihood -74950.6 of TPM2u+F+R10 worse than TPM2u+F+R9 -74948.8
169  TPM2u+F+R10   74950.588    220 150341.177   150350.777   151935.020
180  TPM2+F+R8     74985.145    216 150402.289   150411.540   151967.153
181  TPM2+F+R9     74948.818    218 150333.636   150343.061   151912.990
WARNING: Log-likelihood -74950.6 of TPM2+F+R10 worse than TPM2+F+R9 -74948.8
182  TPM2+F+R10    74950.588    220 150341.177   150350.777   151935.020
193  K3Pu+F+R8     74984.806    216 150401.612   150410.863   151966.476
194  K3Pu+F+R9     74948.710    218 150333.420   150342.845   151912.774
WARNING: Log-likelihood -74951.5 of K3Pu+F+R10 worse than K3Pu+F+R9 -74948.7
195  K3Pu+F+R10    74951.475    220 150342.949   150352.549   151936.792
206  K3P+R8        75274.765    213 150975.529   150984.523   152518.659
207  K3P+R9        75241.917    215 150913.833   150922.998   152471.453
WARNING: Log-likelihood -75245.4 of K3P+R10 worse than K3P+R9 -75241.9
208  K3P+R10       75245.435    217 150924.869   150934.207   152496.978
219  TN+F+R8       74976.631    216 150385.261   150394.513   151950.126
220  TN+F+R9       74940.498    218 150316.997   150326.422   151896.350
WARNING: Log-likelihood -74945 of TN+F+R10 worse than TN+F+R9 -74940.5
221  TN+F+R10      74945.043    220 150330.087   150339.687   151923.930
232  TNe+R8        75290.397    213 151006.794   151015.788   152549.924
233  TNe+R9        75257.901    215 150945.802   150954.967   152503.421
WARNING: Log-likelihood -75260.9 of TNe+R10 worse than TNe+R9 -75257.9
234  TNe+R10       75260.943    217 150955.885   150965.223   152527.994
245  HKY+F+R8      74986.074    215 150402.148   150411.313   151959.768
246  HKY+F+R9      74949.877    217 150333.753   150343.091   151905.862
WARNING: Log-likelihood -74952 of HKY+F+R10 worse than HKY+F+R9 -74949.9
247  HKY+F+R10     74952.009    219 150342.017   150351.530   151928.616
258  K2P+R8        75294.140    212 151012.279   151021.189   152548.165
259  K2P+R9        75261.503    214 150951.006   150960.085   152501.381
WARNING: Log-likelihood -75265 of K2P+R10 worse than K2P+R9 -75261.5
260  K2P+R10       75264.953    216 150961.906   150971.157   152526.770
271  F81+F+R8      76773.460    214 153974.921   153984.000   155525.296
272  F81+F+R9      76750.534    216 153933.067   153942.319   155497.931
WARNING: Log-likelihood -76754.9 of F81+F+R10 worse than F81+F+R9 -76750.5
273  F81+F+R10     76754.858    218 153945.715   153955.140   155525.069
284  JC+R8         76859.638    211 154141.275   154150.100   155669.916
285  JC+R9         76839.493    213 154104.986   154113.980   155648.116
WARNING: Log-likelihood -76842.6 of JC+R10 worse than JC+R9 -76839.5
286  JC+R10        76842.608    215 154115.216   154124.381   155672.835
Akaike Information Criterion:           TIM+F+R9
Corrected Akaike Information Criterion: TIM+F+R9
Bayesian Information Criterion:         TN+F+R9
Best-fit model: TN+F+R9 chosen according to BIC

All model information printed to seqdump.aligned.fa.model.gz
CPU time for ModelFinder: 7465.023 seconds (2h:4m:25s)
Wall-clock time for ModelFinder: 7655.543 seconds (2h:7m:35s)
Generating 1000 samples for ultrafast bootstrap (seed: 415321)...

NOTE: 136 MB RAM (0 GB) is required!
Estimate model parameters (epsilon = 0.100)
1. Initial log-likelihood: -74940.498
Optimal log-likelihood: -74940.447
Rate parameters:  A-C: 1.00000  A-G: 3.27440  A-T: 1.00000  C-G: 1.00000  C-T: 3.81609  G-T: 1.00000
Base frequencies:  A: 0.213  C: 0.315  G: 0.284  T: 0.189
Site proportion and rates:  (0.361,0.019) (0.245,0.134) (0.030,0.245) (0.028,0.245) (0.045,0.246) (0.045,0.246) (0.123,0.481) (0.052,0.773) (0.071,11.566)
Parameters optimization took 1 rounds (3.183 sec)
Computing ML distances based on estimated model parameters...
Computing ML distances took 0.555215 sec (of wall-clock time) 0.546220 sec(of CPU time)
Computing RapidNJ tree took 0.000661 sec (of wall-clock time) 0.000650 sec (of CPU time)
Log-likelihood of RapidNJ tree: -77227.905
--------------------------------------------------------------------
|             INITIALIZING CANDIDATE TREE SET                      |
--------------------------------------------------------------------
Generating 98 parsimony trees... 5.381 second
Computing log-likelihood of 98 initial trees ... 19.279 seconds
Current best score: -74940.447

Do NNI search on 20 best initial trees
Estimate model parameters (epsilon = 0.100)
BETTER TREE FOUND at iteration 1: -74940.413
Estimate model parameters (epsilon = 0.100)
BETTER TREE FOUND at iteration 3: -74901.168
BETTER TREE FOUND at iteration 7: -74901.163
Iteration 10 / LogL: -74940.481 / Time: 0h:1m:35s
Iteration 20 / LogL: -74940.481 / Time: 0h:2m:36s
Finish initializing candidate tree set (9)
Current best tree score: -74901.163 / CPU time: 140.641
Number of iterations: 20
--------------------------------------------------------------------
|               OPTIMIZING CANDIDATE TREE SET                      |
--------------------------------------------------------------------
Estimate model parameters (epsilon = 0.100)
BETTER TREE FOUND at iteration 21: -74877.180
Estimate model parameters (epsilon = 0.100)
BETTER TREE FOUND at iteration 26: -74866.569
Iteration 30 / LogL: -74884.308 / Time: 0h:3m:20s (0h:11m:4s left)
Estimate model parameters (epsilon = 0.100)
BETTER TREE FOUND at iteration 32: -74862.217
Estimate model parameters (epsilon = 0.100)
UPDATE BEST LOG-LIKELIHOOD: -74862.091
Iteration 40 / LogL: -74862.364 / Time: 0h:4m:7s (0h:9m:43s left)
Estimate model parameters (epsilon = 0.100)
BETTER TREE FOUND at iteration 43: -74860.519
Iteration 50 / LogL: -74863.075 / Time: 0h:4m:47s (0h:9m:5s left)
Log-likelihood cutoff on original alignment: -74912.481
Estimate model parameters (epsilon = 0.100)
BETTER TREE FOUND at iteration 56: -74857.100
Iteration 60 / LogL: -74860.475 / Time: 0h:5m:30s (0h:8m:57s left)
UPDATE BEST LOG-LIKELIHOOD: -74857.098
Iteration 70 / LogL: -74857.098 / Time: 0h:6m:5s (0h:7m:35s left)
Iteration 80 / LogL: -74858.630 / Time: 0h:6m:44s (0h:6m:29s left)
Iteration 90 / LogL: -75474.831 / Time: 0h:7m:24s (0h:5m:29s left)
Iteration 100 / LogL: -74857.101 / Time: 0h:8m:1s (0h:4m:32s left)
Log-likelihood cutoff on original alignment: -74911.780
NOTE: Bootstrap correlation coefficient of split occurrence frequencies: 0.974
NOTE: UFBoot does not converge, continue at least 100 more iterations
Iteration 110 / LogL: -74860.474 / Time: 0h:8m:39s (0h:7m:9s left)
Iteration 120 / LogL: -74941.958 / Time: 0h:9m:14s (0h:6m:12s left)
Iteration 130 / LogL: -74861.497 / Time: 0h:9m:53s (0h:5m:21s left)
Iteration 140 / LogL: -74857.107 / Time: 0h:10m:30s (0h:4m:31s left)
Iteration 150 / LogL: -74857.098 / Time: 0h:11m:8s (0h:3m:44s left)
Log-likelihood cutoff on original alignment: -74907.831
Iteration 160 / LogL: -74857.148 / Time: 0h:11m:48s (0h:2m:58s left)
Iteration 170 / LogL: -74857.363 / Time: 0h:12m:26s (0h:2m:12s left)
Iteration 180 / LogL: -75474.831 / Time: 0h:13m:2s (0h:1m:27s left)
Iteration 190 / LogL: -74858.904 / Time: 0h:13m:40s (0h:0m:43s left)
Iteration 200 / LogL: -74863.029 / Time: 0h:14m:18s (0h:0m:0s left)
Log-likelihood cutoff on original alignment: -74907.831
NOTE: Bootstrap correlation coefficient of split occurrence frequencies: 0.999
TREE SEARCH COMPLETED AFTER 200 ITERATIONS / Time: 0h:14m:18s

--------------------------------------------------------------------
|                    FINALIZING TREE SEARCH                        |
--------------------------------------------------------------------
Performs final model parameters optimization
Estimate model parameters (epsilon = 0.010)
1. Initial log-likelihood: -74857.098
2. Current log-likelihood: -74857.065
3. Current log-likelihood: -74857.034
4. Current log-likelihood: -74857.011
5. Current log-likelihood: -74857.000
6. Current log-likelihood: -74856.985
7. Current log-likelihood: -74856.972
Optimal log-likelihood: -74856.965
Rate parameters:  A-C: 1.00000  A-G: 3.28961  A-T: 1.00000  C-G: 1.00000  C-T: 3.80856  G-T: 1.00000
Base frequencies:  A: 0.213  C: 0.315  G: 0.284  T: 0.189
Site proportion and rates:  (0.365,0.019) (0.257,0.135) (0.027,0.245) (0.025,0.245) (0.040,0.245) (0.040,0.246) (0.128,0.475) (0.046,0.777) (0.072,11.570)
Parameters optimization took 7 rounds (12.364 sec)
BEST SCORE FOUND : -74856.965
Creating bootstrap support values...
Split supports printed to NEXUS file seqdump.aligned.fa.splits.nex
Total tree length: 24.674

Total number of iterations: 200
CPU time used for tree search: 830.937 sec (0h:13m:50s)
Wall-clock time used for tree search: 843.001 sec (0h:14m:3s)
Total CPU time used: 858.887 sec (0h:14m:18s)
Total wall-clock time used: 871.375 sec (0h:14m:31s)

Computing bootstrap consensus tree...
Reading input file seqdump.aligned.fa.splits.nex...
100 taxa and 347 splits.
Consensus tree written to seqdump.aligned.fa.contree
Reading input trees file seqdump.aligned.fa.contree
Log-likelihood of consensus tree: -74857.044

Analysis results written to: 
  IQ-TREE report:                seqdump.aligned.fa.iqtree
  Maximum-likelihood tree:       seqdump.aligned.fa.treefile
  Likelihood distances:          seqdump.aligned.fa.mldist

Ultrafast bootstrap approximation results written to:
  Split support values:          seqdump.aligned.fa.splits.nex
  Consensus tree:                seqdump.aligned.fa.contree
  Screen log file:               seqdump.aligned.fa.log

Date and Time: Mon May  3 19:16:59 2021
